2021-12-28 21:12:530 INFO  HomePage :56 - clicking on sign in button : [[ChromeDriver: chrome on WINDOWS (f21126a439aa3265c2ec15638a976f92)] -> xpath: //a[normalize-space()='Sign in']]
2021-12-28 21:12:422 INFO  AuthenticationPage :30 - entering random email : <br>
2021-12-28 21:12:560 INFO  AuthenticationPage :36 - Click on the create an account tab : [[ChromeDriver: chrome on WINDOWS (f21126a439aa3265c2ec15638a976f92)] -> xpath: //span[normalize-space()='Create an account']]<br>
2021-12-28 21:12:238 INFO  CreateAccountPage :59 - Entering firstname[[ChromeDriver: chrome on WINDOWS (f21126a439aa3265c2ec15638a976f92)] -> xpath: //input[@id='customer_firstname']]
2021-12-28 21:12:318 INFO  CreateAccountPage :61 - Entering lastname[[ChromeDriver: chrome on WINDOWS (f21126a439aa3265c2ec15638a976f92)] -> xpath: //input[@id='customer_lastname']]
2021-12-28 21:12:431 INFO  CreateAccountPage :63 - Entering password[[ChromeDriver: chrome on WINDOWS (f21126a439aa3265c2ec15638a976f92)] -> xpath: //input[@id='passwd']]
2021-12-28 21:12:577 INFO  CreateAccountPage :65 - Entering address[[ChromeDriver: chrome on WINDOWS (f21126a439aa3265c2ec15638a976f92)] -> xpath: //input[@id='address1']]
2021-12-28 21:12:698 INFO  CreateAccountPage :67 - Entering city[[ChromeDriver: chrome on WINDOWS (f21126a439aa3265c2ec15638a976f92)] -> xpath: //input[@id='city']]
2021-12-28 21:12:795 INFO  CreateAccountPage :69 - Selecting the state[[ChromeDriver: chrome on WINDOWS (f21126a439aa3265c2ec15638a976f92)] -> xpath: //select[@id='id_state']]
2021-12-28 21:12:934 INFO  CreateAccountPage :71 - Entering postalcode[[ChromeDriver: chrome on WINDOWS (f21126a439aa3265c2ec15638a976f92)] -> xpath: //input[@id='postcode']]
2021-12-28 21:12:19 INFO  CreateAccountPage :73 - Entering contact number[[ChromeDriver: chrome on WINDOWS (f21126a439aa3265c2ec15638a976f92)] -> xpath: //input[@id='phone_mobile']]
2021-12-28 21:12:111 INFO  CreateAccountPage :78 - Clicking on register link[[ChromeDriver: chrome on WINDOWS (f21126a439aa3265c2ec15638a976f92)] -> xpath: //button[@id='submitAccount']]
2021-12-28 21:12:615 INFO  CreateAccountPage :82 - Verifying the message[[ChromeDriver: chrome on WINDOWS (f21126a439aa3265c2ec15638a976f92)] -> xpath: //h1[contains(text(),'My account')]]
2021-12-28 21:12:651 INFO  MyAccountPage :23 - verify the account name : [[ChromeDriver: chrome on WINDOWS (f21126a439aa3265c2ec15638a976f92)] -> css selector: a[title='View my customer account'] span]
2021-12-28 21:12:854 INFO  HomePage :56 - clicking on sign in button : [[ChromeDriver: chrome on WINDOWS (ef0ec2c1dba9fa143119495a39645c50)] -> xpath: //a[normalize-space()='Sign in']]
2021-12-28 21:12:568 INFO  AuthenticationPage :30 - entering random email : <br>
2021-12-28 21:12:702 INFO  AuthenticationPage :36 - Click on the create an account tab : [[ChromeDriver: chrome on WINDOWS (ef0ec2c1dba9fa143119495a39645c50)] -> xpath: //span[normalize-space()='Create an account']]<br>
2021-12-28 21:12:93 INFO  CreateAccountPage :59 - Entering firstname[[ChromeDriver: chrome on WINDOWS (ef0ec2c1dba9fa143119495a39645c50)] -> xpath: //input[@id='customer_firstname']]
2021-12-28 21:12:183 INFO  CreateAccountPage :61 - Entering lastname[[ChromeDriver: chrome on WINDOWS (ef0ec2c1dba9fa143119495a39645c50)] -> xpath: //input[@id='customer_lastname']]
2021-12-28 21:12:263 INFO  CreateAccountPage :63 - Entering password[[ChromeDriver: chrome on WINDOWS (ef0ec2c1dba9fa143119495a39645c50)] -> xpath: //input[@id='passwd']]
2021-12-28 21:12:364 INFO  CreateAccountPage :65 - Entering address[[ChromeDriver: chrome on WINDOWS (ef0ec2c1dba9fa143119495a39645c50)] -> xpath: //input[@id='address1']]
2021-12-28 21:12:455 INFO  CreateAccountPage :67 - Entering city[[ChromeDriver: chrome on WINDOWS (ef0ec2c1dba9fa143119495a39645c50)] -> xpath: //input[@id='city']]
2021-12-28 21:12:541 INFO  CreateAccountPage :69 - Selecting the state[[ChromeDriver: chrome on WINDOWS (ef0ec2c1dba9fa143119495a39645c50)] -> xpath: //select[@id='id_state']]
2021-12-28 21:12:805 INFO  CreateAccountPage :71 - Entering postalcode[[ChromeDriver: chrome on WINDOWS (ef0ec2c1dba9fa143119495a39645c50)] -> xpath: //input[@id='postcode']]
2021-12-28 21:12:896 INFO  CreateAccountPage :73 - Entering contact number[[ChromeDriver: chrome on WINDOWS (ef0ec2c1dba9fa143119495a39645c50)] -> xpath: //input[@id='phone_mobile']]
2021-12-28 21:12:979 INFO  CreateAccountPage :78 - Clicking on register link[[ChromeDriver: chrome on WINDOWS (ef0ec2c1dba9fa143119495a39645c50)] -> xpath: //button[@id='submitAccount']]
2021-12-28 21:12:292 INFO  CreateAccountPage :87 - verifying error message : [[ChromeDriver: chrome on WINDOWS (ef0ec2c1dba9fa143119495a39645c50)] -> css selector: div[class='alert alert-danger'] p]
2021-12-28 21:12:834 INFO  ShoppingCartPage :34 - closing shopping cart window : [[ChromeDriver: chrome on WINDOWS (7cd70f12dc00858f08109bbe79691b9c)] -> xpath: //span[@title='Close window']]<br>
2021-12-28 21:12:594 INFO  ShoppingCartPage :39 - verifying delete icon : [[ChromeDriver: chrome on WINDOWS (7cd70f12dc00858f08109bbe79691b9c)] -> xpath: //a[@class='ajax_cart_block_remove_link']]<br>
2021-12-28 21:12:839 INFO  ShoppingCartPage :47 - removing item from cart : [[ChromeDriver: chrome on WINDOWS (7cd70f12dc00858f08109bbe79691b9c)] -> xpath: //a[@class='ajax_cart_block_remove_link']]<br>
2021-12-28 21:12:932 INFO  ShoppingCartSummaryPage :30 - verifying empty cart message : Proxy element for: DefaultElementLocator 'By.xpath: //p[@class='alert alert-warning']'<br>
2021-12-28 21:12:148 INFO  OurStoresPage :32 - accepting the alert : [[ChromeDriver: chrome on WINDOWS (ac8ae923a92d0ce52e168b0f8f46d00b)] -> css selector: .dismissButton]
2021-12-28 21:12:174 INFO  OurStoresPage :54 - taking screenshot
2021-12-28 21:12:610 INFO  SummerDressesPage :48 - verifying summer page text : [[ChromeDriver: chrome on WINDOWS (ba3d6d227d47747bebfd7501d89a895c)] -> xpath: (//span[@class='cat-name'])[1]]
2021-12-28 21:12:579 INFO  SummerDressesPage :48 - verifying summer page text : [[ChromeDriver: chrome on WINDOWS (8257b11e3e217195008ef01a09ee7b43)] -> xpath: (//span[@class='cat-name'])[1]]
2021-12-28 21:12:612 INFO  SummerDressesPage :53 - moving slider to change price : [[ChromeDriver: chrome on WINDOWS (8257b11e3e217195008ef01a09ee7b43)] -> xpath: //div[@id='left_column']//a[2]]
